<?xml version="1.0" encoding="UTF-8"?>
<testsuite xmlns:xsi="http://www.w3.org/2001/XMLSchema-instance" xsi:noNamespaceSchemaLocation="https://maven.apache.org/surefire/maven-surefire-plugin/xsd/surefire-test-report-3.0.xsd" version="3.0" name="com.javademo.git_jenkins_docker_integration.ApplicationTest" time="1.662" tests="3" errors="0" skipped="0" failures="0">
  <properties>
[...]
</properties>
  <testcase name="calculatorAddShouldReturnSum" classname="com.javademo.git_jenkins_docker_integration.ApplicationTest" time="1.558">
    <system-out><![CDATA[14:30:05.412 [main] INFO  com.javademo.git_jenkins_docker_integration.Application - Started application
14:30:05.425 [main] INFO  com.javademo.git_jenkins_docker_integration.Application - Exiting application...
]]></system-out>
  </testcase>
  <testcase name="mainShouldInvokeCalculator" classname="com.javademo.git_jenkins_docker_integration.ApplicationTest" time="0.049">
    <system-out><![CDATA[14:30:05.459 [main] INFO  com.javademo.git_jenkins_docker_integration.Application - Starting application...
14:30:05.497 [main] INFO  com.javademo.git_jenkins_docker_integration.Application - Started application
14:30:05.498 [main] INFO  com.javademo.git_jenkins_docker_integration.Application - Exiting application...
14:30:05.498 [main] INFO  com.javademo.git_jenkins_docker_integration.Application - Exited application
]]></system-out>
  </testcase>
  <testcase name="calculatorShouldReturnTheAnswerToTheUltimateQuestionOfLife" classname="com.javademo.git_jenkins_docker_integration.ApplicationTest" time="0.008">
    <system-out><![CDATA[14:30:05.506 [main] INFO  com.javademo.git_jenkins_docker_integration.Application - Started application
14:30:05.507 [main] INFO  com.javademo.git_jenkins_docker_integration.Application - Exiting application...
]]></system-out>
  </testcase>
</testsuite>